<?xml version="1.0" encoding="UTF-8"?>
<testng-results ignored="0" total="1" passed="1" failed="0" skipped="0">
  <reporter-output>
  </reporter-output>
  <suite started-at="2025-07-30T15:10:54 AEST" name="DemoQATestSuite" finished-at="2025-07-30T15:11:11 AEST" duration-ms="17122">
    <groups>
    </groups>
    <test started-at="2025-07-30T15:10:54 AEST" name="HomePageUITests" finished-at="2025-07-30T15:11:11 AEST" duration-ms="17122">
      <class name="Test.HomePageUI">
        <test-method is-config="true" signature="setUp()[pri:0, instance:Test.HomePageUI@40005471]" started-at="2025-07-30T15:10:54 AEST" name="setUp" finished-at="2025-07-30T15:11:06 AEST" duration-ms="11907" status="PASS">
          <reporter-output>
          </reporter-output>
        </test-method> <!-- setUp -->
        <test-method signature="vrfyHomePageUI()[pri:1, instance:Test.HomePageUI@40005471]" started-at="2025-07-30T15:11:06 AEST" name="vrfyHomePageUI" finished-at="2025-07-30T15:11:11 AEST" duration-ms="4850" status="PASS">
          <reporter-output>
          </reporter-output>
        </test-method> <!-- vrfyHomePageUI -->
        <test-method is-config="true" signature="tearDown()[pri:0, instance:Test.HomePageUI@40005471]" started-at="2025-07-30T15:11:11 AEST" name="tearDown" finished-at="2025-07-30T15:11:11 AEST" duration-ms="314" status="PASS">
          <reporter-output>
          </reporter-output>
        </test-method> <!-- tearDown -->
      </class> <!-- Test.HomePageUI -->
    </test> <!-- HomePageUITests -->
  </suite> <!-- DemoQATestSuite -->
</testng-results>
